2025-04-01 09:31:31 [BACKUP] Evento BACKUP generado por admin1
2025-04-01 09:31:31 [WARNING] Evento WARNING generado por admin1
2025-04-01 09:31:31 [WARNING] Evento WARNING generado por admin1
2025-04-01 09:31:31 [BACKUP] Evento BACKUP generado por admin1
2025-04-01 09:31:31 [INFO] Evento INFO generado por tecnico1
2025-04-01 09:31:31 [WARNING] Evento WARNING generado por tecnico1
2025-04-01 09:31:31 [ERROR] Evento ERROR generado por admin1
2025-04-01 09:31:31 [LOGIN] Evento LOGIN generado por tecnico1
2025-04-01 09:31:31 [LOGIN] Evento LOGIN generado por admin1
2025-04-01 09:31:31 [BACKUP] Evento BACKUP generado por admin1
2025-04-01 09:31:31 [BACKUP] Evento BACKUP generado por auditor1
2025-04-01 09:31:31 [INFO] Evento INFO generado por tecnico1
2025-04-01 09:31:31 [BACKUP] Evento BACKUP generado por tecnico1
2025-04-01 09:31:31 [LOGIN] Evento LOGIN generado por auditor1
2025-04-01 09:31:31 [INFO] Evento INFO generado por admin1
2025-04-01 09:31:31 [ERROR] Evento ERROR generado por auditor1
2025-04-01 09:31:31 [LOGIN] Evento LOGIN generado por tecnico1
2025-04-01 09:31:31 [WARNING] Evento WARNING generado por admin1
2025-04-01 09:31:31 [BACKUP] Evento BACKUP generado por tecnico1
2025-04-01 09:31:31 [INFO] Evento INFO generado por tecnico1
2025-04-01 09:31:31 [ERROR] Evento ERROR generado por auditor1
2025-04-01 09:31:31 [LOGIN] Evento LOGIN generado por tecnico1
2025-04-01 09:31:31 [LOGIN] Evento LOGIN generado por auditor1
2025-04-01 09:31:31 [WARNING] Evento WARNING generado por auditor1
2025-04-01 09:31:31 [WARNING] Evento WARNING generado por admin1
2025-04-01 09:31:31 [ERROR] Evento ERROR generado por tecnico1
2025-04-01 09:31:31 [LOGIN] Evento LOGIN generado por tecnico1
2025-04-01 09:31:31 [WARNING] Evento WARNING generado por auditor1
2025-04-01 09:31:31 [BACKUP] Evento BACKUP generado por auditor1
2025-04-01 09:31:31 [INFO] Evento INFO generado por auditor1
